This file contains any messages produced by compilers while
running configure, to aid debugging if configure makes a mistake.

It was created by Redland librdf Language bindings configure 1.0.17.1, which was
generated by GNU Autoconf 2.69.  Invocation command line was

  $ ./configure 

## --------- ##
## Platform. ##
## --------- ##

hostname = runzhou-Precision-Tower-3430
uname -m = x86_64
uname -r = 5.4.0-97-generic
uname -s = Linux
uname -v = #110~18.04.1-Ubuntu SMP Mon Jan 17 20:50:31 UTC 2022

/usr/bin/uname -p = unknown
/bin/uname -X     = unknown

/bin/arch              = unknown
/usr/bin/arch -k       = unknown
/usr/convex/getsysinfo = unknown
/usr/bin/hostinfo      = unknown
/bin/machine           = unknown
/usr/bin/oslevel       = unknown
/bin/universe          = unknown

PATH: /home/runzhou/gems/bin
PATH: /home/runzhou/anaconda3/bin
PATH: /home/runzhou/anaconda3/condabin
PATH: /usr/lib/jvm/java-1.8.0-openjdk-amd64/bin
PATH: /usr/local/sbin
PATH: /usr/local/bin
PATH: /usr/sbin
PATH: /usr/bin
PATH: /sbin
PATH: /bin
PATH: /usr/games
PATH: /usr/local/games
PATH: /snap/bin
PATH: /home/runzhou/go/bin
PATH: /home/runzhou/go/bin
PATH: /home/runzhou/Downloads/omnetpp-5.5.1/bin
PATH: /home/runzhou/anaconda3/bin
PATH: /home/runzhou/anaconda3/condabin
PATH: /usr/lib/jvm/java-1.8.0-openjdk-amd64/bin
PATH: /usr/local/sbin
PATH: /usr/local/bin
PATH: /usr/sbin
PATH: /usr/bin
PATH: /sbin
PATH: /bin
PATH: /usr/games
PATH: /usr/local/games
PATH: /snap/bin
PATH: /home/runzhou/go/bin
PATH: /home/runzhou/go/bin
PATH: /home/runzhou/go/bin
PATH: /home/runzhou/anaconda3/bin
PATH: /home/runzhou/anaconda3/condabin
PATH: /usr/lib/jvm/java-1.8.0-openjdk-amd64/bin
PATH: /usr/local/sbin
PATH: /usr/local/bin
PATH: /usr/sbin
PATH: /usr/bin
PATH: /sbin
PATH: /bin
PATH: /usr/games
PATH: /usr/local/games
PATH: /snap/bin
PATH: /home/runzhou/go/bin
PATH: /home/runzhou/go/bin
PATH: /home/runzhou/Downloads/omnetpp-5.5.1/bin
PATH: /home/runzhou/anaconda3/bin
PATH: /home/runzhou/anaconda3/condabin
PATH: /usr/lib/jvm/java-1.8.0-openjdk-amd64/bin
PATH: /usr/local/sbin
PATH: /usr/local/bin
PATH: /usr/sbin
PATH: /usr/bin
PATH: /sbin
PATH: /bin
PATH: /usr/games
PATH: /usr/local/games
PATH: /snap/bin
PATH: /home/runzhou/go/bin
PATH: /home/runzhou/go/bin


## ----------- ##
## Core tests. ##
## ----------- ##

configure:2257: checking for a BSD-compatible install
configure:2325: result: /usr/bin/install -c
configure:2336: checking whether build environment is sane
configure:2386: result: yes
configure:2527: checking for a thread-safe mkdir -p
configure:2566: result: /bin/mkdir -p
configure:2579: checking for gawk
configure:2609: result: no
configure:2579: checking for mawk
configure:2595: found /usr/bin/mawk
configure:2606: result: mawk
configure:2617: checking whether make sets $(MAKE)
configure:2639: result: yes
configure:2720: checking whether to enable maintainer-specific portions of Makefiles
configure:2729: result: no
configure:2749: checking build system type
configure:2763: result: x86_64-unknown-linux-gnu
configure:2783: checking host system type
configure:2796: result: x86_64-unknown-linux-gnu
configure:2817: checking whether build environment is sane
configure:2867: result: yes
configure:2917: checking for gcc
configure:2933: found /usr/bin/gcc
configure:2944: result: gcc
configure:3173: checking for C compiler version
configure:3182: gcc --version >&5
gcc (Ubuntu 9.4.0-1ubuntu1~18.04) 9.4.0
Copyright (C) 2019 Free Software Foundation, Inc.
This is free software; see the source for copying conditions.  There is NO
warranty; not even for MERCHANTABILITY or FITNESS FOR A PARTICULAR PURPOSE.

configure:3193: $? = 0
configure:3182: gcc -v >&5
Using built-in specs.
COLLECT_GCC=gcc
COLLECT_LTO_WRAPPER=/usr/lib/gcc/x86_64-linux-gnu/9/lto-wrapper
OFFLOAD_TARGET_NAMES=nvptx-none:hsa
OFFLOAD_TARGET_DEFAULT=1
Target: x86_64-linux-gnu
Configured with: ../src/configure -v --with-pkgversion='Ubuntu 9.4.0-1ubuntu1~18.04' --with-bugurl=file:///usr/share/doc/gcc-9/README.Bugs --enable-languages=c,ada,c++,go,brig,d,fortran,objc,obj-c++,gm2 --prefix=/usr --with-gcc-major-version-only --program-suffix=-9 --program-prefix=x86_64-linux-gnu- --enable-shared --enable-linker-build-id --libexecdir=/usr/lib --without-included-gettext --enable-threads=posix --libdir=/usr/lib --enable-nls --enable-clocale=gnu --enable-libstdcxx-debug --enable-libstdcxx-time=yes --with-default-libstdcxx-abi=new --enable-gnu-unique-object --disable-vtable-verify --enable-plugin --enable-default-pie --with-system-zlib --with-target-system-zlib=auto --enable-objc-gc=auto --enable-multiarch --disable-werror --with-arch-32=i686 --with-abi=m64 --with-multilib-list=m32,m64,mx32 --enable-multilib --with-tune=generic --enable-offload-targets=nvptx-none=/build/gcc-9-nrQql7/gcc-9-9.4.0/debian/tmp-nvptx/usr,hsa --without-cuda-driver --enable-checking=release --build=x86_64-linux-gnu --host=x86_64-linux-gnu --target=x86_64-linux-gnu
Thread model: posix
gcc version 9.4.0 (Ubuntu 9.4.0-1ubuntu1~18.04) 
configure:3193: $? = 0
configure:3182: gcc -V >&5
gcc: error: unrecognized command line option '-V'
gcc: fatal error: no input files
compilation terminated.
configure:3193: $? = 1
configure:3182: gcc -qversion >&5
gcc: error: unrecognized command line option '-qversion'; did you mean '--version'?
gcc: fatal error: no input files
compilation terminated.
configure:3193: $? = 1
configure:3213: checking whether the C compiler works
configure:3235: gcc    conftest.c  >&5
configure:3239: $? = 0
configure:3287: result: yes
configure:3290: checking for C compiler default output file name
configure:3292: result: a.out
configure:3298: checking for suffix of executables
configure:3305: gcc -o conftest    conftest.c  >&5
configure:3309: $? = 0
configure:3331: result: 
configure:3353: checking whether we are cross compiling
configure:3361: gcc -o conftest    conftest.c  >&5
configure:3365: $? = 0
configure:3372: ./conftest
configure:3376: $? = 0
configure:3391: result: no
configure:3396: checking for suffix of object files
configure:3418: gcc -c   conftest.c >&5
configure:3422: $? = 0
configure:3443: result: o
configure:3447: checking whether we are using the GNU C compiler
configure:3466: gcc -c   conftest.c >&5
configure:3466: $? = 0
configure:3475: result: yes
configure:3484: checking whether gcc accepts -g
configure:3504: gcc -c -g  conftest.c >&5
configure:3504: $? = 0
configure:3545: result: yes
configure:3562: checking for gcc option to accept ISO C89
configure:3625: gcc  -c -g -O2  conftest.c >&5
configure:3625: $? = 0
configure:3638: result: none needed
configure:3669: checking for style of include used by make
configure:3697: result: GNU
configure:3723: checking dependency style of gcc
configure:3834: result: none
configure:3850: checking whether gcc and cc understand -c and -o together
configure:3881: gcc -c conftest.c -o conftest2.o >&5
configure:3885: $? = 0
configure:3891: gcc -c conftest.c -o conftest2.o >&5
configure:3895: $? = 0
configure:3906: cc -c conftest.c >&5
configure:3910: $? = 0
configure:3918: cc -c conftest.c -o conftest2.o >&5
configure:3922: $? = 0
configure:3928: cc -c conftest.c -o conftest2.o >&5
configure:3932: $? = 0
configure:3950: result: yes
configure:3976: checking whether ln -s works
configure:3980: result: yes
configure:3987: checking whether make sets $(MAKE)
configure:4009: result: yes
configure:4069: checking how to print strings
configure:4096: result: printf
configure:4117: checking for a sed that does not truncate output
configure:4181: result: /bin/sed
configure:4199: checking for grep that handles long lines and -e
configure:4257: result: /bin/grep
configure:4262: checking for egrep
configure:4324: result: /bin/grep -E
configure:4329: checking for fgrep
configure:4391: result: /bin/grep -F
configure:4426: checking for ld used by gcc
configure:4493: result: /usr/bin/ld
configure:4500: checking if the linker (/usr/bin/ld) is GNU ld
configure:4515: result: yes
configure:4527: checking for BSD- or MS-compatible name lister (nm)
configure:4576: result: /usr/bin/nm -B
configure:4706: checking the name lister (/usr/bin/nm -B) interface
configure:4713: gcc -c -g -O2  conftest.c >&5
configure:4716: /usr/bin/nm -B "conftest.o"
configure:4719: output
0000000000000000 B some_variable
configure:4726: result: BSD nm
configure:4730: checking the maximum length of command line arguments
configure:4860: result: 1572864
configure:4877: checking whether the shell understands some XSI constructs
configure:4887: result: yes
configure:4891: checking whether the shell understands "+="
configure:4897: result: yes
configure:4932: checking how to convert x86_64-unknown-linux-gnu file names to x86_64-unknown-linux-gnu format
configure:4972: result: func_convert_file_noop
configure:4979: checking how to convert x86_64-unknown-linux-gnu file names to toolchain format
configure:4999: result: func_convert_file_noop
configure:5006: checking for /usr/bin/ld option to reload object files
configure:5013: result: -r
configure:5087: checking for objdump
configure:5103: found /usr/bin/objdump
configure:5114: result: objdump
configure:5146: checking how to recognize dependent libraries
configure:5344: result: pass_all
configure:5429: checking for dlltool
configure:5459: result: no
configure:5489: checking how to associate runtime and link libraries
configure:5516: result: printf %s\n
configure:5577: checking for ar
configure:5593: found /usr/bin/ar
configure:5604: result: ar
configure:5641: checking for archiver @FILE support
configure:5658: gcc -c -g -O2  conftest.c >&5
configure:5658: $? = 0
configure:5661: ar cru libconftest.a @conftest.lst >&5
ar: `u' modifier ignored since `D' is the default (see `U')
configure:5664: $? = 0
configure:5669: ar cru libconftest.a @conftest.lst >&5
ar: `u' modifier ignored since `D' is the default (see `U')
ar: conftest.o: No such file or directory
configure:5672: $? = 1
configure:5684: result: @
configure:5742: checking for strip
configure:5758: found /usr/bin/strip
configure:5769: result: strip
configure:5841: checking for ranlib
configure:5857: found /usr/bin/ranlib
configure:5868: result: ranlib
configure:5970: checking command to parse /usr/bin/nm -B output from gcc object
configure:6090: gcc -c -g -O2  conftest.c >&5
configure:6093: $? = 0
configure:6097: /usr/bin/nm -B conftest.o \| sed -n -e 's/^.*[ ]\([ABCDGIRSTW][ABCDGIRSTW]*\)[ ][ ]*\([_A-Za-z][_A-Za-z0-9]*\)$/\1 \2 \2/p' | sed '/ __gnu_lto/d' \> conftest.nm
configure:6100: $? = 0
configure:6166: gcc -o conftest -g -O2   conftest.c conftstm.o >&5
configure:6169: $? = 0
configure:6207: result: ok
configure:6244: checking for sysroot
configure:6274: result: no
configure:6351: gcc -c -g -O2  conftest.c >&5
configure:6354: $? = 0
configure:6530: checking for mt
configure:6546: found /bin/mt
configure:6557: result: mt
configure:6580: checking if mt is a manifest tool
configure:6586: mt '-?'
configure:6594: result: no
configure:7236: checking how to run the C preprocessor
configure:7267: gcc -E  conftest.c
configure:7267: $? = 0
configure:7281: gcc -E  conftest.c
conftest.c:11:10: fatal error: ac_nonexistent.h: No such file or directory
   11 | #include <ac_nonexistent.h>
      |          ^~~~~~~~~~~~~~~~~~
compilation terminated.
configure:7281: $? = 1
configure: failed program was:
| /* confdefs.h */
| #define PACKAGE_NAME "Redland librdf Language bindings"
| #define PACKAGE_TARNAME "redland-bindings"
| #define PACKAGE_VERSION "1.0.17.1"
| #define PACKAGE_STRING "Redland librdf Language bindings 1.0.17.1"
| #define PACKAGE_BUGREPORT "http://bugs.librdf.org/"
| #define PACKAGE_URL ""
| #define PACKAGE "redland-bindings"
| #define VERSION "1.0.17.1"
| /* end confdefs.h.  */
| #include <ac_nonexistent.h>
configure:7306: result: gcc -E
configure:7326: gcc -E  conftest.c
configure:7326: $? = 0
configure:7340: gcc -E  conftest.c
conftest.c:11:10: fatal error: ac_nonexistent.h: No such file or directory
   11 | #include <ac_nonexistent.h>
      |          ^~~~~~~~~~~~~~~~~~
compilation terminated.
configure:7340: $? = 1
configure: failed program was:
| /* confdefs.h */
| #define PACKAGE_NAME "Redland librdf Language bindings"
| #define PACKAGE_TARNAME "redland-bindings"
| #define PACKAGE_VERSION "1.0.17.1"
| #define PACKAGE_STRING "Redland librdf Language bindings 1.0.17.1"
| #define PACKAGE_BUGREPORT "http://bugs.librdf.org/"
| #define PACKAGE_URL ""
| #define PACKAGE "redland-bindings"
| #define VERSION "1.0.17.1"
| /* end confdefs.h.  */
| #include <ac_nonexistent.h>
configure:7369: checking for ANSI C header files
configure:7389: gcc -c -g -O2  conftest.c >&5
configure:7389: $? = 0
configure:7462: gcc -o conftest -g -O2   conftest.c  >&5
configure:7462: $? = 0
configure:7462: ./conftest
configure:7462: $? = 0
configure:7473: result: yes
configure:7486: checking for sys/types.h
configure:7486: gcc -c -g -O2  conftest.c >&5
configure:7486: $? = 0
configure:7486: result: yes
configure:7486: checking for sys/stat.h
configure:7486: gcc -c -g -O2  conftest.c >&5
configure:7486: $? = 0
configure:7486: result: yes
configure:7486: checking for stdlib.h
configure:7486: gcc -c -g -O2  conftest.c >&5
configure:7486: $? = 0
configure:7486: result: yes
configure:7486: checking for string.h
configure:7486: gcc -c -g -O2  conftest.c >&5
configure:7486: $? = 0
configure:7486: result: yes
configure:7486: checking for memory.h
configure:7486: gcc -c -g -O2  conftest.c >&5
configure:7486: $? = 0
configure:7486: result: yes
configure:7486: checking for strings.h
configure:7486: gcc -c -g -O2  conftest.c >&5
configure:7486: $? = 0
configure:7486: result: yes
configure:7486: checking for inttypes.h
configure:7486: gcc -c -g -O2  conftest.c >&5
configure:7486: $? = 0
configure:7486: result: yes
configure:7486: checking for stdint.h
configure:7486: gcc -c -g -O2  conftest.c >&5
configure:7486: $? = 0
configure:7486: result: yes
configure:7486: checking for unistd.h
configure:7486: gcc -c -g -O2  conftest.c >&5
configure:7486: $? = 0
configure:7486: result: yes
configure:7500: checking for dlfcn.h
configure:7500: gcc -c -g -O2  conftest.c >&5
configure:7500: $? = 0
configure:7500: result: yes
configure:7706: checking for objdir
configure:7721: result: .libs
configure:7988: checking if gcc supports -fno-rtti -fno-exceptions
configure:8006: gcc -c -g -O2  -fno-rtti -fno-exceptions conftest.c >&5
cc1: warning: command line option '-fno-rtti' is valid for C++/D/ObjC++ but not for C
configure:8010: $? = 0
configure:8023: result: no
configure:8350: checking for gcc option to produce PIC
configure:8357: result: -fPIC -DPIC
configure:8365: checking if gcc PIC flag -fPIC -DPIC works
configure:8383: gcc -c -g -O2  -fPIC -DPIC -DPIC conftest.c >&5
configure:8387: $? = 0
configure:8400: result: yes
configure:8429: checking if gcc static flag -static works
configure:8457: result: yes
configure:8472: checking if gcc supports -c -o file.o
configure:8493: gcc -c -g -O2  -o out/conftest2.o conftest.c >&5
configure:8497: $? = 0
configure:8519: result: yes
configure:8527: checking if gcc supports -c -o file.o
configure:8574: result: yes
configure:8607: checking whether the gcc linker (/usr/bin/ld -m elf_x86_64) supports shared libraries
configure:9764: result: yes
configure:9801: checking whether -lc should be explicitly linked in
configure:9809: gcc -c -g -O2  conftest.c >&5
configure:9812: $? = 0
configure:9827: gcc -shared  -fPIC -DPIC conftest.o  -v -Wl,-soname -Wl,conftest -o conftest 2\>\&1 \| /bin/grep  -lc  \>/dev/null 2\>\&1
configure:9830: $? = 0
configure:9844: result: no
configure:10004: checking dynamic linker characteristics
configure:10504: gcc -o conftest -g -O2   -Wl,-rpath -Wl,/foo conftest.c  >&5
configure:10504: $? = 0
configure:10738: result: GNU/Linux ld.so
configure:10845: checking how to hardcode library paths into programs
configure:10870: result: immediate
configure:11410: checking whether stripping libraries is possible
configure:11415: result: yes
configure:11450: checking if libtool supports shared libraries
configure:11452: result: yes
configure:11455: checking whether to build shared libraries
configure:11476: result: yes
configure:11479: checking whether to build static libraries
configure:11483: result: yes
configure:11526: checking for gnutar
configure:11556: result: no
configure:11526: checking for gtar
configure:11556: result: no
configure:11526: checking for tar
configure:11542: found /bin/tar
configure:11553: result: tar
configure:11569: checking for lua
configure:11599: result: no
configure:11611: checking for python
configure:11627: found /home/runzhou/anaconda3/bin/python
configure:11638: result: python
configure:11653: checking for perl
configure:11669: found /usr/bin/perl
configure:11680: result: perl
configure:11695: checking for php
configure:11725: result: no
configure:11737: checking for ruby
configure:11753: found /usr/bin/ruby
configure:11764: result: ruby
configure:11779: checking for swig
configure:11795: found /usr/bin/swig
configure:11806: result: swig
configure:11822: checking for pkg-config
configure:11838: found /usr/bin/pkg-config
configure:11849: result: pkg-config
configure:11874: checking SWIG support
configure:11885: result: 3.0.12 - OK
configure:11939: checking Enable LUA API
configure:11947: result: no
configure:11976: checking for php-config
configure:12006: result: no
configure:12089: checking Enable Perl API
configure:12105: result: no
configure:12136: checking Enable Python API
configure:12152: result: no 3.7
configure:12187: checking Python includes
configure:12198: result: -I/home/runzhou/anaconda3/include/python3.7m
configure:12211: checking Python libs
configure:12218: result: /home/runzhou/anaconda3/lib/python3.7/site-packages
configure:12222: checking Python LDFLAGS
configure:12238: result: guessed flags: -shared
configure:12242: checking Python shared library file extension
configure:12244: result: .cpython-37m-x86_64-linux-gnu.so
configure:12304: checking Ruby installation dir
configure:12312: result: /usr/lib/ruby/2.5.0 from RbConfig::CONFIG rubylibdir
configure:12316: checking Ruby arch installation dir
configure:12324: result: /usr/lib/x86_64-linux-gnu/ruby/2.5.0 from RbConfig::CONFIG archdir
configure:12328: checking Ruby headers dir
configure:12332: result:  -I/usr/include/ruby-2.5.0 -I/usr/include/x86_64-linux-gnu/ruby-2.5.0 from RbConfig::CONFIG rubyhdrdir and rubyarchhdrdir
configure:12375: checking Ruby Linking
configure:12377: result: compile '' link ' -shared -lruby-2.5' suffix 
configure:12401: checking Enable PHP API
configure:12417: result: no
configure:12430: checking Enable Ruby API
configure:12446: result: no
configure:12509: checking for redland
configure:12516: result: 1.0.18
configure:12727: creating ./config.status

## ---------------------- ##
## Running config.status. ##
## ---------------------- ##

This file was extended by Redland librdf Language bindings config.status 1.0.17.1, which was
generated by GNU Autoconf 2.69.  Invocation command line was

  CONFIG_FILES    = 
  CONFIG_HEADERS  = 
  CONFIG_LINKS    = 
  CONFIG_COMMANDS = 
  $ ./config.status 

on runzhou-Precision-Tower-3430

config.status:1150: creating Makefile
config.status:1150: creating bindings.rdf
config.status:1150: creating docs/Makefile
config.status:1150: creating perl/Makefile
config.status:1150: creating perl/t/Makefile
config.status:1150: creating perl/lib/Makefile
config.status:1150: creating perl/lib/RDF/Makefile
config.status:1150: creating perl/lib/RDF/Redland/Makefile
config.status:1150: creating lua/Makefile
config.status:1150: creating php/Makefile
config.status:1150: creating python/Makefile
config.status:1150: creating python/test/Makefile
config.status:1150: creating ruby/Makefile
config.status:1150: creating ruby/test/Makefile
config.status:1150: creating ruby/lib/Makefile
config.status:1150: creating ruby/lib/rdf/Makefile
config.status:1150: creating ruby/lib/rdf/redland/Makefile
config.status:1150: creating ruby/lib/rdf/redland/schemas/Makefile
config.status:1150: creating data/Makefile
config.status:1150: creating redland-bindings.spec
config.status:1150: creating perl/lib/RDF/Redland.pm
config.status:1150: creating bindings_config.h
config.status:1379: executing depfiles commands
config.status:1379: executing libtool commands
configure:14978: result:
Redland build summary:
  Redland:              1.0.18
  Language APIs built:   


## ---------------- ##
## Cache variables. ##
## ---------------- ##

ac_cv_build=x86_64-unknown-linux-gnu
ac_cv_c_compiler_gnu=yes
ac_cv_env_CC_set=
ac_cv_env_CC_value=
ac_cv_env_CFLAGS_set=
ac_cv_env_CFLAGS_value=
ac_cv_env_CPPFLAGS_set=
ac_cv_env_CPPFLAGS_value=
ac_cv_env_CPP_set=
ac_cv_env_CPP_value=
ac_cv_env_LDFLAGS_set=
ac_cv_env_LDFLAGS_value=
ac_cv_env_LIBS_set=
ac_cv_env_LIBS_value=
ac_cv_env_PYTHON_INCLUDES_set=
ac_cv_env_PYTHON_INCLUDES_value=
ac_cv_env_PYTHON_LDFLAGS_set=
ac_cv_env_PYTHON_LDFLAGS_value=
ac_cv_env_PYTHON_LIBEXT_set=
ac_cv_env_PYTHON_LIBEXT_value=
ac_cv_env_PYTHON_LIB_set=
ac_cv_env_PYTHON_LIB_value=
ac_cv_env_build_alias_set=
ac_cv_env_build_alias_value=
ac_cv_env_host_alias_set=
ac_cv_env_host_alias_value=
ac_cv_env_target_alias_set=
ac_cv_env_target_alias_value=
ac_cv_header_dlfcn_h=yes
ac_cv_header_inttypes_h=yes
ac_cv_header_memory_h=yes
ac_cv_header_stdc=yes
ac_cv_header_stdint_h=yes
ac_cv_header_stdlib_h=yes
ac_cv_header_string_h=yes
ac_cv_header_strings_h=yes
ac_cv_header_sys_stat_h=yes
ac_cv_header_sys_types_h=yes
ac_cv_header_unistd_h=yes
ac_cv_host=x86_64-unknown-linux-gnu
ac_cv_objext=o
ac_cv_path_EGREP='/bin/grep -E'
ac_cv_path_FGREP='/bin/grep -F'
ac_cv_path_GREP=/bin/grep
ac_cv_path_SED=/bin/sed
ac_cv_path_install='/usr/bin/install -c'
ac_cv_path_mkdir=/bin/mkdir
ac_cv_prog_AWK=mawk
ac_cv_prog_CPP='gcc -E'
ac_cv_prog_PERL=perl
ac_cv_prog_PKG_CONFIG=pkg-config
ac_cv_prog_PYTHON=python
ac_cv_prog_RUBY=ruby
ac_cv_prog_SWIG=swig
ac_cv_prog_TAR=tar
ac_cv_prog_ac_ct_AR=ar
ac_cv_prog_ac_ct_CC=gcc
ac_cv_prog_ac_ct_MANIFEST_TOOL=mt
ac_cv_prog_ac_ct_OBJDUMP=objdump
ac_cv_prog_ac_ct_RANLIB=ranlib
ac_cv_prog_ac_ct_STRIP=strip
ac_cv_prog_cc_c89=
ac_cv_prog_cc_g=yes
ac_cv_prog_cc_gcc_c_o=yes
ac_cv_prog_make_make_set=yes
am_cv_CC_dependencies_compiler_type=none
lt_cv_ar_at_file=@
lt_cv_archive_cmds_need_lc=no
lt_cv_deplibs_check_method=pass_all
lt_cv_file_magic_cmd='$MAGIC_CMD'
lt_cv_file_magic_test_file=
lt_cv_ld_reload_flag=-r
lt_cv_nm_interface='BSD nm'
lt_cv_objdir=.libs
lt_cv_path_LD=/usr/bin/ld
lt_cv_path_NM='/usr/bin/nm -B'
lt_cv_path_mainfest_tool=no
lt_cv_prog_compiler_c_o=yes
lt_cv_prog_compiler_pic='-fPIC -DPIC'
lt_cv_prog_compiler_pic_works=yes
lt_cv_prog_compiler_rtti_exceptions=no
lt_cv_prog_compiler_static_works=yes
lt_cv_prog_gnu_ld=yes
lt_cv_sharedlib_from_linklib_cmd='printf %s\n'
lt_cv_shlibpath_overrides_runpath=yes
lt_cv_sys_global_symbol_pipe='sed -n -e '\''s/^.*[	 ]\([ABCDGIRSTW][ABCDGIRSTW]*\)[	 ][	 ]*\([_A-Za-z][_A-Za-z0-9]*\)$/\1 \2 \2/p'\'' | sed '\''/ __gnu_lto/d'\'''
lt_cv_sys_global_symbol_to_c_name_address='sed -n -e '\''s/^: \([^ ]*\)[ ]*$/  {\"\1\", (void *) 0},/p'\'' -e '\''s/^[ABCDGIRSTW]* \([^ ]*\) \([^ ]*\)$/  {"\2", (void *) \&\2},/p'\'''
lt_cv_sys_global_symbol_to_c_name_address_lib_prefix='sed -n -e '\''s/^: \([^ ]*\)[ ]*$/  {\"\1\", (void *) 0},/p'\'' -e '\''s/^[ABCDGIRSTW]* \([^ ]*\) \(lib[^ ]*\)$/  {"\2", (void *) \&\2},/p'\'' -e '\''s/^[ABCDGIRSTW]* \([^ ]*\) \([^ ]*\)$/  {"lib\2", (void *) \&\2},/p'\'''
lt_cv_sys_global_symbol_to_cdecl='sed -n -e '\''s/^T .* \(.*\)$/extern int \1();/p'\'' -e '\''s/^[ABCDGIRSTW]* .* \(.*\)$/extern char \1;/p'\'''
lt_cv_sys_max_cmd_len=1572864
lt_cv_to_host_file_cmd=func_convert_file_noop
lt_cv_to_tool_file_cmd=func_convert_file_noop

## ----------------- ##
## Output variables. ##
## ----------------- ##

ACLOCAL='${SHELL} /home/runzhou/Downloads/redland-bindings-1.0.17.1/build/missing --run aclocal-1.11'
AMDEPBACKSLASH='\'
AMDEP_FALSE='#'
AMDEP_TRUE=''
AMTAR='$${TAR-tar}'
AR='ar'
AUTOCONF='${SHELL} /home/runzhou/Downloads/redland-bindings-1.0.17.1/build/missing --run autoconf'
AUTOHEADER='${SHELL} /home/runzhou/Downloads/redland-bindings-1.0.17.1/build/missing --run autoheader'
AUTOMAKE='${SHELL} /home/runzhou/Downloads/redland-bindings-1.0.17.1/build/missing --run automake-1.11'
AWK='mawk'
CC='gcc'
CCDEPMODE='depmode=none'
CFLAGS='-g -O2'
CPP='gcc -E'
CPPFLAGS=''
CYGPATH_W='echo'
DEFS='-DHAVE_CONFIG_H'
DEPDIR='.deps'
DLLTOOL='false'
DSYMUTIL=''
DUMPBIN=''
ECHO='printf %s\n'
ECHO_C=''
ECHO_N='-n'
ECHO_T=''
EGREP='/bin/grep -E'
EXEEXT=''
FGREP='/bin/grep -F'
GREP='/bin/grep'
INSTALL_DATA='${INSTALL} -m 644'
INSTALL_PROGRAM='${INSTALL}'
INSTALL_SCRIPT='${INSTALL}'
INSTALL_STRIP_PROGRAM='$(install_sh) -c -s'
LD='/usr/bin/ld -m elf_x86_64'
LDFLAGS=''
LIBOBJS=''
LIBRDF_CPPFLAGS=' -I/usr/local/include -I/usr/local/include/rasqal -I/usr/local/include/raptor2'
LIBRDF_LDFLAGS='  -L/usr/local/lib -lrdf'
LIBS=''
LIBTOOL='$(SHELL) $(top_builddir)/libtool'
LIPO=''
LN_S='ln -s'
LTLIBOBJS=''
LUA=''
LUA_CFLAGS=''
LUA_LDFLAGS=''
MAINT='#'
MAINTAINER_MODE_FALSE=''
MAINTAINER_MODE_TRUE='#'
MAKEINFO='${SHELL} /home/runzhou/Downloads/redland-bindings-1.0.17.1/build/missing --run makeinfo'
MANIFEST_TOOL=':'
MEM=''
MEM_LIBS=''
MKDIR_P='/bin/mkdir -p'
NM='/usr/bin/nm -B'
NMEDIT=''
OBJDUMP='objdump'
OBJEXT='o'
OTOOL64=''
OTOOL=''
PACKAGE='redland-bindings'
PACKAGE_BUGREPORT='http://bugs.librdf.org/'
PACKAGE_NAME='Redland librdf Language bindings'
PACKAGE_STRING='Redland librdf Language bindings 1.0.17.1'
PACKAGE_TARNAME='redland-bindings'
PACKAGE_URL=''
PACKAGE_VERSION='1.0.17.1'
PATH_SEPARATOR=':'
PERL='perl'
PERLINSTALLSITEARCH='/usr/local/lib/x86_64-linux-gnu/perl/5.26.1'
PERLMAN3DIR='/usr/share/man/man3'
PERL_MAKEMAKER_ARGS=''
PERL_VERSION='5.26.1'
PHP=':'
PHP_CFLAGS=''
PHP_CONFIG=''
PHP_EXTENSION_DIR=''
PHP_INCLUDES=''
PHP_LDFLAGS=''
PHP_SO_SUFFIX=''
PHP_SWIG=''
PHP_VERSION=''
PKG_CONFIG='pkg-config'
PYTHON='python'
PYTHON_INCLUDES='-I/home/runzhou/anaconda3/include/python3.7m'
PYTHON_LDFLAGS='-shared'
PYTHON_LIB='/home/runzhou/anaconda3/lib/python3.7/site-packages'
PYTHON_LIBEXT='.cpython-37m-x86_64-linux-gnu.so'
PYTHON_VERSION='3.7'
RANLIB='ranlib'
RAPTOR_LDFLAGS='-L/usr/local/lib -lraptor2'
RASQAL_LDFLAGS='-L/usr/local/lib -lrasqal -lraptor2'
REDLAND_CONFIG='pkg-config redland'
REDLAND_RUN=''
REDLAND_SWIG='/usr/local/share/redland/Redland.i'
REDLAND_VERSION='1.0.18'
RUBY='ruby'
RUBY_ARCH_INSTALLDIR='/usr/lib/x86_64-linux-gnu/ruby/2.5.0'
RUBY_CFLAGS=''
RUBY_INCLUDES=' -I/usr/include/ruby-2.5.0 -I/usr/include/x86_64-linux-gnu/ruby-2.5.0'
RUBY_INSTALLDIR='/usr/lib/ruby/2.5.0'
RUBY_LDFLAGS=' -shared -lruby-2.5'
RUBY_PACKAGE='redland'
RUBY_SO_SUFFIX=''
RUBY_VERSION='2.5.1p57'
SD=''
SED='/bin/sed'
SET_MAKE=''
SHELL='/bin/bash'
STANDARD_CFLAGS=' -g -O2'
STRIP='strip'
SWIG='swig'
SWIG_PYTHON_ARGS=''
TAR='tar'
VERSION='1.0.17.1'
abs_top_builddir='/home/runzhou/Downloads/redland-bindings-1.0.17.1'
abs_top_srcdir='/home/runzhou/Downloads/redland-bindings-1.0.17.1'
ac_ct_AR='ar'
ac_ct_CC='gcc'
ac_ct_DUMPBIN=''
am__EXEEXT_FALSE=''
am__EXEEXT_TRUE='#'
am__fastdepCC_FALSE=''
am__fastdepCC_TRUE='#'
am__include='include'
am__isrc=''
am__leading_dot='.'
am__nodep='_no'
am__quote=''
am__tar='$${TAR-tar} chof - "$$tardir"'
am__untar='$${TAR-tar} xf -'
bindir='${exec_prefix}/bin'
build='x86_64-unknown-linux-gnu'
build_alias=''
build_cpu='x86_64'
build_os='linux-gnu'
build_vendor='unknown'
datadir='${datarootdir}'
datarootdir='${prefix}/share'
docdir='${datarootdir}/doc/${PACKAGE_TARNAME}'
dvidir='${docdir}'
exec_prefix='${prefix}'
host='x86_64-unknown-linux-gnu'
host_alias=''
host_cpu='x86_64'
host_os='linux-gnu'
host_vendor='unknown'
htmldir='${docdir}'
includedir='${prefix}/include'
infodir='${datarootdir}/info'
install_sh='${SHELL} /home/runzhou/Downloads/redland-bindings-1.0.17.1/build/install-sh'
libdir='${exec_prefix}/lib'
libexecdir='${exec_prefix}/libexec'
localedir='${datarootdir}/locale'
localstatedir='${prefix}/var'
mandir='${datarootdir}/man'
mkdir_p='/bin/mkdir -p'
oldincludedir='/usr/include'
pdfdir='${docdir}'
prefix='/usr/local'
program_transform_name='s,x,x,'
psdir='${docdir}'
sbindir='${exec_prefix}/sbin'
sharedstatedir='${prefix}/com'
sysconfdir='${prefix}/etc'
target_alias=''

## ----------- ##
## confdefs.h. ##
## ----------- ##

/* confdefs.h */
#define PACKAGE_NAME "Redland librdf Language bindings"
#define PACKAGE_TARNAME "redland-bindings"
#define PACKAGE_VERSION "1.0.17.1"
#define PACKAGE_STRING "Redland librdf Language bindings 1.0.17.1"
#define PACKAGE_BUGREPORT "http://bugs.librdf.org/"
#define PACKAGE_URL ""
#define PACKAGE "redland-bindings"
#define VERSION "1.0.17.1"
#define STDC_HEADERS 1
#define HAVE_SYS_TYPES_H 1
#define HAVE_SYS_STAT_H 1
#define HAVE_STDLIB_H 1
#define HAVE_STRING_H 1
#define HAVE_MEMORY_H 1
#define HAVE_STRINGS_H 1
#define HAVE_INTTYPES_H 1
#define HAVE_STDINT_H 1
#define HAVE_UNISTD_H 1
#define HAVE_DLFCN_H 1
#define LT_OBJDIR ".libs/"

configure: exit 0
